0 info it worked if it ends with ok
1 verbose cli [ '/usr/local/bin/node',
1 verbose cli   '/usr/local/bin/npm',
1 verbose cli   'install',
1 verbose cli   '-g',
1 verbose cli   'mysql' ]
2 info using npm@2.14.7
3 info using node@v4.2.1
4 verbose install initial load of /usr/local/lib/package.json
5 verbose readDependencies loading dependencies from /usr/local/lib/package.json
6 silly cache add args [ 'mysql', null ]
7 verbose cache add spec mysql
8 silly cache add parsed spec Result {
8 silly cache add   raw: 'mysql',
8 silly cache add   scope: null,
8 silly cache add   name: 'mysql',
8 silly cache add   rawSpec: '',
8 silly cache add   spec: '*',
8 silly cache add   type: 'range' }
9 silly addNamed mysql@*
10 verbose addNamed "*" is a valid semver range for mysql
11 silly addNameRange { name: 'mysql', range: '*', hasData: false }
12 silly mapToRegistry name mysql
13 silly mapToRegistry using default registry
14 silly mapToRegistry registry https://registry.npmjs.org/
15 silly mapToRegistry uri https://registry.npmjs.org/mysql
16 verbose addNameRange registry:https://registry.npmjs.org/mysql not in flight; fetching
17 verbose request uri https://registry.npmjs.org/mysql
18 verbose request no auth needed
19 info attempt registry request try #1 at 4:34:08 PM
20 verbose request id 99cbca9bff88bccf
21 verbose etag "9Z4HDI96QD8FACSYPGVSSH6SO"
22 http request GET https://registry.npmjs.org/mysql
23 http 200 https://registry.npmjs.org/mysql
24 verbose headers { server: 'CouchDB/1.5.0 (Erlang OTP/R16B03)',
24 verbose headers   etag: '"4N1X91PUB09UUADT1ZC6YMQRV"',
24 verbose headers   'content-type': 'application/json',
24 verbose headers   'cache-control': 'max-age=60',
24 verbose headers   'content-length': '116934',
24 verbose headers   'accept-ranges': 'bytes',
24 verbose headers   date: 'Tue, 03 Nov 2015 00:34:09 GMT',
24 verbose headers   via: '1.1 varnish',
24 verbose headers   age: '0',
24 verbose headers   connection: 'keep-alive',
24 verbose headers   'x-served-by': 'cache-sjc3124-SJC',
24 verbose headers   'x-cache': 'HIT',
24 verbose headers   'x-cache-hits': '1',
24 verbose headers   'x-timer': 'S1446510849.615815,VS0,VE85',
24 verbose headers   vary: 'Accept' }
25 silly get cb [ 200,
25 silly get   { server: 'CouchDB/1.5.0 (Erlang OTP/R16B03)',
25 silly get     etag: '"4N1X91PUB09UUADT1ZC6YMQRV"',
25 silly get     'content-type': 'application/json',
25 silly get     'cache-control': 'max-age=60',
25 silly get     'content-length': '116934',
25 silly get     'accept-ranges': 'bytes',
25 silly get     date: 'Tue, 03 Nov 2015 00:34:09 GMT',
25 silly get     via: '1.1 varnish',
25 silly get     age: '0',
25 silly get     connection: 'keep-alive',
25 silly get     'x-served-by': 'cache-sjc3124-SJC',
25 silly get     'x-cache': 'HIT',
25 silly get     'x-cache-hits': '1',
25 silly get     'x-timer': 'S1446510849.615815,VS0,VE85',
25 silly get     vary: 'Accept' } ]
26 verbose get saving mysql to /Users/davidmongiello/.npm/registry.npmjs.org/mysql/.cache.json
27 silly addNameRange number 2 { name: 'mysql', range: '*', hasData: true }
28 silly addNameRange versions [ 'mysql',
28 silly addNameRange   [ '0.1.0',
28 silly addNameRange     '0.2.0',
28 silly addNameRange     '0.3.0',
28 silly addNameRange     '0.4.0',
28 silly addNameRange     '0.5.0',
28 silly addNameRange     '0.6.0',
28 silly addNameRange     '0.7.0',
28 silly addNameRange     '0.8.0',
28 silly addNameRange     '0.9.0',
28 silly addNameRange     '0.9.1',
28 silly addNameRange     '0.9.2',
28 silly addNameRange     '0.9.3',
28 silly addNameRange     '0.9.4',
28 silly addNameRange     '0.9.5',
28 silly addNameRange     '0.9.6',
28 silly addNameRange     '2.0.0-alpha',
28 silly addNameRange     '2.0.0-alpha2',
28 silly addNameRange     '2.0.0-alpha3',
28 silly addNameRange     '2.0.0-alpha4',
28 silly addNameRange     '2.0.0-alpha5',
28 silly addNameRange     '2.0.0-alpha6',
28 silly addNameRange     '2.0.0-alpha7',
28 silly addNameRange     '2.0.0-alpha8',
28 silly addNameRange     '2.0.0-alpha9',
28 silly addNameRange     '2.0.0-rc1',
28 silly addNameRange     '2.0.0-rc2',
28 silly addNameRange     '2.0.0',
28 silly addNameRange     '2.0.1',
28 silly addNameRange     '2.1.0',
28 silly addNameRange     '2.1.1',
28 silly addNameRange     '2.2.0',
28 silly addNameRange     '2.3.0',
28 silly addNameRange     '2.3.1',
28 silly addNameRange     '2.3.2',
28 silly addNameRange     '2.4.0',
28 silly addNameRange     '2.4.1',
28 silly addNameRange     '2.4.2',
28 silly addNameRange     '2.4.3',
28 silly addNameRange     '2.5.0',
28 silly addNameRange     '2.5.1',
28 silly addNameRange     '2.5.2',
28 silly addNameRange     '2.5.3',
28 silly addNameRange     '2.5.4',
28 silly addNameRange     '2.5.5',
28 silly addNameRange     '2.6.0',
28 silly addNameRange     '2.6.1',
28 silly addNameRange     '2.6.2',
28 silly addNameRange     '2.7.0',
28 silly addNameRange     '2.8.0',
28 silly addNameRange     '2.9.0' ] ]
29 silly addNamed mysql@2.9.0
30 verbose addNamed "2.9.0" is a plain semver version for mysql
31 silly cache afterAdd mysql@2.9.0
32 verbose afterAdd /Users/davidmongiello/.npm/mysql/2.9.0/package/package.json not in flight; writing
33 verbose afterAdd /Users/davidmongiello/.npm/mysql/2.9.0/package/package.json written
34 silly install resolved [ { name: 'mysql',
34 silly install resolved     description: 'A node.js driver for mysql. It is written in JavaScript, does not require compiling, and is 100% MIT licensed.',
34 silly install resolved     version: '2.9.0',
34 silly install resolved     license: 'MIT',
34 silly install resolved     author:
34 silly install resolved      { name: 'Felix Geisendörfer',
34 silly install resolved        email: 'felix@debuggable.com',
34 silly install resolved        url: 'http://debuggable.com/' },
34 silly install resolved     contributors: [ [Object], [Object], [Object] ],
34 silly install resolved     homepage: 'https://github.com/felixge/node-mysql',
34 silly install resolved     repository:
34 silly install resolved      { type: 'git',
34 silly install resolved        url: 'git+https://github.com/felixge/node-mysql.git' },
34 silly install resolved     dependencies: { 'bignumber.js': '2.0.7', 'readable-stream': '~1.1.13' },
34 silly install resolved     devDependencies:
34 silly install resolved      { istanbul: '0.3.9',
34 silly install resolved        rimraf: '2.2.8',
34 silly install resolved        'require-all': '~1.1.0',
34 silly install resolved        'timezone-mock': '0.0.0',
34 silly install resolved        mkdirp: '0.5.1',
34 silly install resolved        urun: '0.0.8',
34 silly install resolved        utest: '0.0.8' },
34 silly install resolved     files: [ 'lib/', 'Changes.md', 'License', 'Readme.md', 'index.js' ],
34 silly install resolved     engines: { node: '>= 0.6' },
34 silly install resolved     scripts:
34 silly install resolved      { test: 'node test/run.js',
34 silly install resolved        'test-ci': 'node test/run-cov.js lcovonly',
34 silly install resolved        'test-cov': 'node test/run-cov.js' },
34 silly install resolved     gitHead: '6ad9f4b0cf40b563cb583b169bda531bdb731159',
34 silly install resolved     bugs: { url: 'https://github.com/felixge/node-mysql/issues' },
34 silly install resolved     _id: 'mysql@2.9.0',
34 silly install resolved     _shasum: '8b2218a9ddaf92518caefad78d152df1b6b64213',
34 silly install resolved     _from: 'mysql@*',
34 silly install resolved     _npmVersion: '1.4.28',
34 silly install resolved     _npmUser: { name: 'dougwilson', email: 'doug@somethingdoug.com' },
34 silly install resolved     maintainers:
34 silly install resolved      [ [Object],
34 silly install resolved        [Object],
34 silly install resolved        [Object],
34 silly install resolved        [Object],
34 silly install resolved        [Object],
34 silly install resolved        [Object],
34 silly install resolved        [Object],
34 silly install resolved        [Object],
34 silly install resolved        [Object] ],
34 silly install resolved     dist:
34 silly install resolved      { shasum: '8b2218a9ddaf92518caefad78d152df1b6b64213',
34 silly install resolved        tarball: 'http://registry.npmjs.org/mysql/-/mysql-2.9.0.tgz' },
34 silly install resolved     directories: {},
34 silly install resolved     _resolved: 'https://registry.npmjs.org/mysql/-/mysql-2.9.0.tgz',
34 silly install resolved     readme: 'ERROR: No README data found!' } ]
35 info install mysql@2.9.0 into /usr/local/lib
36 info installOne mysql@2.9.0
37 verbose installOne of mysql to /usr/local/lib not in flight; installing
38 verbose lock using /Users/davidmongiello/.npm/_locks/mysql-551f75177682f3e5.lock for /usr/local/lib/node_modules/mysql
39 silly install write writing mysql 2.9.0 to /usr/local/lib/node_modules/mysql
40 verbose unbuild lib/node_modules/mysql
41 silly gentlyRm /usr/local/lib/node_modules/mysql is being purged from base /usr/local
42 verbose gentlyRm don't care about contents; nuking /usr/local/lib/node_modules/mysql
43 verbose tar unpack /Users/davidmongiello/.npm/mysql/2.9.0/package.tgz
44 verbose tar unpacking to /usr/local/lib/node_modules/mysql
45 silly gentlyRm /usr/local/lib/node_modules/mysql is being purged
46 verbose gentlyRm don't care about contents; nuking /usr/local/lib/node_modules/mysql
47 silly gunzTarPerm modes [ '755', '644' ]
48 error tar.unpack untar error /Users/davidmongiello/.npm/mysql/2.9.0/package.tgz
49 verbose unlock done using /Users/davidmongiello/.npm/_locks/mysql-551f75177682f3e5.lock for /usr/local/lib/node_modules/mysql
50 verbose fstream_path /usr/local/lib/node_modules/mysql
51 verbose fstream_type Directory
52 verbose fstream_class DirWriter
53 verbose stack Error: EACCES: permission denied, mkdir '/usr/local/lib/node_modules/mysql'
53 verbose stack     at Error (native)
54 verbose fstream_stack /usr/local/lib/node_modules/npm/node_modules/fstream/lib/dir-writer.js:35:25
54 verbose fstream_stack /usr/local/lib/node_modules/npm/node_modules/mkdirp/index.js:47:53
54 verbose fstream_stack FSReqWrap.oncomplete (fs.js:82:15)
55 verbose cwd /Users/davidmongiello/Desktop/bonis/Bonis
56 error Darwin 15.0.0
57 error argv "/usr/local/bin/node" "/usr/local/bin/npm" "install" "-g" "mysql"
58 error node v4.2.1
59 error npm  v2.14.7
60 error path /usr/local/lib/node_modules/mysql
61 error code EACCES
62 error errno -13
63 error syscall mkdir
64 error Error: EACCES: permission denied, mkdir '/usr/local/lib/node_modules/mysql'
64 error     at Error (native)
64 error  { [Error: EACCES: permission denied, mkdir '/usr/local/lib/node_modules/mysql']
64 error   errno: -13,
64 error   code: 'EACCES',
64 error   syscall: 'mkdir',
64 error   path: '/usr/local/lib/node_modules/mysql',
64 error   fstream_type: 'Directory',
64 error   fstream_path: '/usr/local/lib/node_modules/mysql',
64 error   fstream_class: 'DirWriter',
64 error   fstream_stack:
64 error    [ '/usr/local/lib/node_modules/npm/node_modules/fstream/lib/dir-writer.js:35:25',
64 error      '/usr/local/lib/node_modules/npm/node_modules/mkdirp/index.js:47:53',
64 error      'FSReqWrap.oncomplete (fs.js:82:15)' ] }
65 error Please try running this command again as root/Administrator.
66 verbose exit [ -13, true ]
67 verbose unbuild lib/node_modules/mysql
68 silly gentlyRm /usr/local/lib/node_modules/mysql is being purged from base /usr/local
69 verbose gentlyRm don't care about contents; nuking /usr/local/lib/node_modules/mysql
